{"/Users/mariogalla/Library/CloudStorage/OneDrive-mutablyGmbH/Projekte/LVR/Custom Report/Link-Report/src/App.tsx": {"path":"/Users/mariogalla/Library/CloudStorage/OneDrive-mutablyGmbH/Projekte/LVR/Custom Report/Link-Report/src/App.tsx","statementMap":{"0":{"start":{"line":9,"column":38},"end":{"line":9,"column":67}},"1":{"start":{"line":10,"column":44},"end":{"line":10,"column":71}},"2":{"start":{"line":11,"column":25},"end":{"line":11,"column":48}},"3":{"start":{"line":14,"column":2},"end":{"line":19,"column":9}},"4":{"start":{"line":15,"column":19},"end":{"line":15,"column":39}},"5":{"start":{"line":16,"column":4},"end":{"line":18,"column":5}},"6":{"start":{"line":17,"column":6},"end":{"line":17,"column":30}},"7":{"start":{"line":22,"column":2},"end":{"line":40,"column":22}},"8":{"start":{"line":24,"column":19},"end":{"line":24,"column":35}},"9":{"start":{"line":25,"column":4},"end":{"line":25,"column":29}},"10":{"start":{"line":28,"column":19},"end":{"line":28,"column":39}},"11":{"start":{"line":29,"column":4},"end":{"line":39,"column":5}},"12":{"start":{"line":30,"column":23},"end":{"line":36,"column":14}},"13":{"start":{"line":31,"column":26},"end":{"line":31,"column":67}},"14":{"start":{"line":32,"column":8},"end":{"line":35,"column":9}},"15":{"start":{"line":33,"column":26},"end":{"line":33,"column":42}},"16":{"start":{"line":34,"column":10},"end":{"line":34,"column":36}},"17":{"start":{"line":38,"column":6},"end":{"line":38,"column":43}},"18":{"start":{"line":38,"column":19},"end":{"line":38,"column":42}},"19":{"start":{"line":44,"column":2},"end":{"line":46,"column":3}},"20":{"start":{"line":45,"column":4},"end":{"line":45,"column":42}},"21":{"start":{"line":48,"column":2},"end":{"line":54,"column":4}}},"fnMap":{"0":{"name":"App","decl":{"start":{"line":8,"column":9},"end":{"line":8,"column":12}},"loc":{"start":{"line":8,"column":12},"end":{"line":55,"column":1}}},"1":{"name":"(anonymous_1)","decl":{"start":{"line":14,"column":12},"end":{"line":14,"column":15}},"loc":{"start":{"line":14,"column":17},"end":{"line":19,"column":3}}},"2":{"name":"(anonymous_2)","decl":{"start":{"line":22,"column":12},"end":{"line":22,"column":15}},"loc":{"start":{"line":22,"column":17},"end":{"line":40,"column":3}}},"3":{"name":"(anonymous_3)","decl":{"start":{"line":30,"column":35},"end":{"line":30,"column":38}},"loc":{"start":{"line":30,"column":40},"end":{"line":36,"column":7}}},"4":{"name":"(anonymous_4)","decl":{"start":{"line":38,"column":13},"end":{"line":38,"column":16}},"loc":{"start":{"line":38,"column":19},"end":{"line":38,"column":42}}}},"branchMap":{"0":{"loc":{"start":{"line":16,"column":4},"end":{"line":18,"column":5}},"type":"if","locations":[{"start":{"line":16,"column":4},"end":{"line":18,"column":5}}]},"1":{"loc":{"start":{"line":29,"column":4},"end":{"line":39,"column":5}},"type":"if","locations":[{"start":{"line":29,"column":4},"end":{"line":39,"column":5}}]},"2":{"loc":{"start":{"line":31,"column":26},"end":{"line":31,"column":67}},"type":"binary-expr","locations":[{"start":{"line":31,"column":26},"end":{"line":31,"column":54}},{"start":{"line":31,"column":58},"end":{"line":31,"column":67}}]},"3":{"loc":{"start":{"line":32,"column":8},"end":{"line":35,"column":9}},"type":"if","locations":[{"start":{"line":32,"column":8},"end":{"line":35,"column":9}}]},"4":{"loc":{"start":{"line":44,"column":2},"end":{"line":46,"column":3}},"type":"if","locations":[{"start":{"line":44,"column":2},"end":{"line":46,"column":3}}]}},"s":{"0":0,"1":0,"2":0,"3":0,"4":0,"5":0,"6":0,"7":0,"8":0,"9":0,"10":0,"11":0,"12":0,"13":0,"14":0,"15":0,"16":0,"17":0,"18":0,"19":0,"20":0,"21":0},"f":{"0":0,"1":0,"2":0,"3":0,"4":0},"b":{"0":[0],"1":[0],"2":[0,0],"3":[0],"4":[0]}}
,"/Users/mariogalla/Library/CloudStorage/OneDrive-mutablyGmbH/Projekte/LVR/Custom Report/Link-Report/src/main.tsx": {"path":"/Users/mariogalla/Library/CloudStorage/OneDrive-mutablyGmbH/Projekte/LVR/Custom Report/Link-Report/src/main.tsx","statementMap":{"0":{"start":{"line":8,"column":35},"end":{"line":12,"column":1}},"1":{"start":{"line":9,"column":17},"end":{"line":9,"column":41}},"2":{"start":{"line":10,"column":20},"end":{"line":10,"column":44}},"3":{"start":{"line":11,"column":2},"end":{"line":11,"column":40}},"4":{"start":{"line":15,"column":15},"end":{"line":15,"column":35}},"5":{"start":{"line":16,"column":19},"end":{"line":16,"column":23}},"6":{"start":{"line":18,"column":0},"end":{"line":39,"column":1}},"7":{"start":{"line":20,"column":2},"end":{"line":20,"column":23}},"8":{"start":{"line":23,"column":25},"end":{"line":23,"column":53}},"9":{"start":{"line":26,"column":18},"end":{"line":26,"column":49}},"10":{"start":{"line":27,"column":2},"end":{"line":38,"column":3}},"11":{"start":{"line":28,"column":4},"end":{"line":34,"column":6}},"12":{"start":{"line":37,"column":4},"end":{"line":37,"column":74}},"13":{"start":{"line":42,"column":0},"end":{"line":48,"column":1}},"14":{"start":{"line":43,"column":2},"end":{"line":47,"column":4}}},"fnMap":{"0":{"name":"(anonymous_0)","decl":{"start":{"line":8,"column":35},"end":{"line":8,"column":46}},"loc":{"start":{"line":8,"column":48},"end":{"line":12,"column":1}}}},"branchMap":{"0":{"loc":{"start":{"line":18,"column":0},"end":{"line":39,"column":1}},"type":"if","locations":[{"start":{"line":18,"column":0},"end":{"line":39,"column":1}}]},"1":{"loc":{"start":{"line":18,"column":4},"end":{"line":18,"column":27}},"type":"binary-expr","locations":[{"start":{"line":18,"column":4},"end":{"line":18,"column":10}},{"start":{"line":18,"column":14},"end":{"line":18,"column":27}}]},"2":{"loc":{"start":{"line":27,"column":2},"end":{"line":38,"column":3}},"type":"if","locations":[{"start":{"line":27,"column":2},"end":{"line":38,"column":3}}]},"3":{"loc":{"start":{"line":42,"column":0},"end":{"line":48,"column":1}},"type":"if","locations":[{"start":{"line":42,"column":0},"end":{"line":48,"column":1}}]}},"s":{"0":0,"1":0,"2":0,"3":0,"4":0,"5":0,"6":0,"7":0,"8":0,"9":0,"10":0,"11":0,"12":0,"13":0,"14":0},"f":{"0":0},"b":{"0":[0],"1":[0,0],"2":[0],"3":[0]}}
,"/Users/mariogalla/Library/CloudStorage/OneDrive-mutablyGmbH/Projekte/LVR/Custom Report/Link-Report/src/components/MainResult.tsx": {"path":"/Users/mariogalla/Library/CloudStorage/OneDrive-mutablyGmbH/Projekte/LVR/Custom Report/Link-Report/src/components/MainResult.tsx","statementMap":{"0":{"start":{"line":10,"column":18},"end":{"line":19,"column":2}},"1":{"start":{"line":21,"column":16},"end":{"line":26,"column":2}},"2":{"start":{"line":28,"column":23},"end":{"line":35,"column":2}},"3":{"start":{"line":37,"column":20},"end":{"line":46,"column":2}},"4":{"start":{"line":48,"column":24},"end":{"line":51,"column":2}},"5":{"start":{"line":53,"column":15},"end":{"line":64,"column":2}},"6":{"start":{"line":54,"column":25},"end":{"line":54,"column":61}},"7":{"start":{"line":60,"column":27},"end":{"line":60,"column":56}},"8":{"start":{"line":66,"column":19},"end":{"line":71,"column":2}},"9":{"start":{"line":73,"column":17},"end":{"line":78,"column":2}},"10":{"start":{"line":80,"column":17},"end":{"line":86,"column":2}},"11":{"start":{"line":88,"column":17},"end":{"line":129,"column":2}},"12":{"start":{"line":131,"column":14},"end":{"line":135,"column":2}},"13":{"start":{"line":137,"column":13},"end":{"line":141,"column":2}},"14":{"start":{"line":140,"column":23},"end":{"line":140,"column":68}},"15":{"start":{"line":143,"column":14},"end":{"line":146,"column":2}},"16":{"start":{"line":145,"column":23},"end":{"line":145,"column":68}},"17":{"start":{"line":148,"column":22},"end":{"line":156,"column":2}},"18":{"start":{"line":158,"column":20},"end":{"line":174,"column":2}},"19":{"start":{"line":168,"column":24},"end":{"line":168,"column":66}},"20":{"start":{"line":169,"column":25},"end":{"line":169,"column":49}},"21":{"start":{"line":170,"column":32},"end":{"line":170,"column":64}},"22":{"start":{"line":176,"column":22},"end":{"line":193,"column":2}},"23":{"start":{"line":195,"column":31},"end":{"line":202,"column":2}},"24":{"start":{"line":204,"column":23},"end":{"line":208,"column":2}},"25":{"start":{"line":210,"column":25},"end":{"line":215,"column":2}},"26":{"start":{"line":217,"column":25},"end":{"line":221,"column":2}},"27":{"start":{"line":223,"column":21},"end":{"line":227,"column":2}},"28":{"start":{"line":229,"column":22},"end":{"line":232,"column":2}},"29":{"start":{"line":233,"column":23},"end":{"line":244,"column":2}},"30":{"start":{"line":246,"column":21},"end":{"line":251,"column":2}},"31":{"start":{"line":253,"column":67},"end":{"line":414,"column":1}},"32":{"start":{"line":256,"column":16},"end":{"line":256,"column":32}},"33":{"start":{"line":257,"column":30},"end":{"line":257,"column":39}},"34":{"start":{"line":265,"column":6},"end":{"line":265,"column":25}},"35":{"start":{"line":268,"column":23},"end":{"line":284,"column":24}},"36":{"start":{"line":269,"column":4},"end":{"line":269,"column":48}},"37":{"start":{"line":269,"column":38},"end":{"line":269,"column":48}},"38":{"start":{"line":272,"column":32},"end":{"line":273,"column":null}},"39":{"start":{"line":273,"column":22},"end":{"line":273,"column":55}},"40":{"start":{"line":277,"column":4},"end":{"line":283,"column":11}},"41":{"start":{"line":278,"column":6},"end":{"line":280,"column":7}},"42":{"start":{"line":279,"column":8},"end":{"line":279,"column":38}},"43":{"start":{"line":281,"column":6},"end":{"line":281,"column":42}},"44":{"start":{"line":282,"column":6},"end":{"line":282,"column":17}},"45":{"start":{"line":287,"column":30},"end":{"line":293,"column":27}},"46":{"start":{"line":288,"column":4},"end":{"line":288,"column":63}},"47":{"start":{"line":288,"column":37},"end":{"line":288,"column":63}},"48":{"start":{"line":289,"column":27},"end":{"line":290,"column":null}},"49":{"start":{"line":290,"column":17},"end":{"line":290,"column":45}},"50":{"start":{"line":292,"column":4},"end":{"line":292,"column":75}},"51":{"start":{"line":296,"column":32},"end":{"line":331,"column":3}},"52":{"start":{"line":297,"column":4},"end":{"line":330,"column":6}},"53":{"start":{"line":306,"column":12},"end":{"line":306,"column":null}},"54":{"start":{"line":315,"column":20},"end":{"line":316,"column":null}},"55":{"start":{"line":334,"column":2},"end":{"line":336,"column":3}},"56":{"start":{"line":335,"column":4},"end":{"line":335,"column":60}},"57":{"start":{"line":339,"column":2},"end":{"line":345,"column":3}},"58":{"start":{"line":340,"column":4},"end":{"line":344,"column":6}},"59":{"start":{"line":347,"column":2},"end":{"line":413,"column":4}},"60":{"start":{"line":355,"column":10},"end":{"line":355,"column":null}},"61":{"start":{"line":364,"column":39},"end":{"line":364,"column":61}},"62":{"start":{"line":372,"column":16},"end":{"line":372,"column":null}},"63":{"start":{"line":378,"column":22},"end":{"line":378,"column":77}}},"fnMap":{"0":{"name":"(anonymous_0)","decl":{"start":{"line":54,"column":13},"end":{"line":54,"column":14}},"loc":{"start":{"line":54,"column":25},"end":{"line":54,"column":61}}},"1":{"name":"(anonymous_1)","decl":{"start":{"line":60,"column":15},"end":{"line":60,"column":16}},"loc":{"start":{"line":60,"column":27},"end":{"line":60,"column":56}}},"2":{"name":"(anonymous_2)","decl":{"start":{"line":140,"column":11},"end":{"line":140,"column":12}},"loc":{"start":{"line":140,"column":23},"end":{"line":140,"column":68}}},"3":{"name":"(anonymous_3)","decl":{"start":{"line":145,"column":11},"end":{"line":145,"column":12}},"loc":{"start":{"line":145,"column":23},"end":{"line":145,"column":68}}},"4":{"name":"(anonymous_4)","decl":{"start":{"line":168,"column":12},"end":{"line":168,"column":13}},"loc":{"start":{"line":168,"column":24},"end":{"line":168,"column":66}}},"5":{"name":"(anonymous_5)","decl":{"start":{"line":169,"column":13},"end":{"line":169,"column":14}},"loc":{"start":{"line":169,"column":25},"end":{"line":169,"column":49}}},"6":{"name":"(anonymous_6)","decl":{"start":{"line":170,"column":20},"end":{"line":170,"column":21}},"loc":{"start":{"line":170,"column":32},"end":{"line":170,"column":64}}},"7":{"name":"(anonymous_7)","decl":{"start":{"line":253,"column":67},"end":{"line":253,"column":68}},"loc":{"start":{"line":255,"column":5},"end":{"line":414,"column":1}}},"8":{"name":"(anonymous_8)","decl":{"start":{"line":268,"column":31},"end":{"line":268,"column":34}},"loc":{"start":{"line":268,"column":36},"end":{"line":284,"column":3}}},"9":{"name":"(anonymous_9)","decl":{"start":{"line":273,"column":6},"end":{"line":273,"column":7}},"loc":{"start":{"line":273,"column":22},"end":{"line":273,"column":55}}},"10":{"name":"(anonymous_10)","decl":{"start":{"line":277,"column":38},"end":{"line":277,"column":39}},"loc":{"start":{"line":277,"column":74},"end":{"line":283,"column":5}}},"11":{"name":"(anonymous_11)","decl":{"start":{"line":287,"column":38},"end":{"line":287,"column":41}},"loc":{"start":{"line":287,"column":43},"end":{"line":293,"column":3}}},"12":{"name":"(anonymous_12)","decl":{"start":{"line":290,"column":6},"end":{"line":290,"column":7}},"loc":{"start":{"line":290,"column":17},"end":{"line":290,"column":45}}},"13":{"name":"(anonymous_13)","decl":{"start":{"line":296,"column":32},"end":{"line":296,"column":35}},"loc":{"start":{"line":296,"column":37},"end":{"line":331,"column":3}}},"14":{"name":"(anonymous_14)","decl":{"start":{"line":305,"column":15},"end":{"line":305,"column":16}},"loc":{"start":{"line":306,"column":12},"end":{"line":306,"column":null}}},"15":{"name":"(anonymous_15)","decl":{"start":{"line":314,"column":23},"end":{"line":314,"column":24}},"loc":{"start":{"line":315,"column":20},"end":{"line":316,"column":null}}},"16":{"name":"(anonymous_16)","decl":{"start":{"line":354,"column":42},"end":{"line":354,"column":43}},"loc":{"start":{"line":355,"column":10},"end":{"line":355,"column":null}}},"17":{"name":"(anonymous_17)","decl":{"start":{"line":364,"column":33},"end":{"line":364,"column":36}},"loc":{"start":{"line":364,"column":39},"end":{"line":364,"column":61}}},"18":{"name":"(anonymous_18)","decl":{"start":{"line":371,"column":25},"end":{"line":371,"column":26}},"loc":{"start":{"line":372,"column":16},"end":{"line":372,"column":null}}},"19":{"name":"(anonymous_19)","decl":{"start":{"line":377,"column":30},"end":{"line":377,"column":31}},"loc":{"start":{"line":378,"column":22},"end":{"line":378,"column":77}}}},"branchMap":{"0":{"loc":{"start":{"line":54,"column":25},"end":{"line":54,"column":61}},"type":"cond-expr","locations":[{"start":{"line":54,"column":39},"end":{"line":54,"column":48}},{"start":{"line":54,"column":51},"end":{"line":54,"column":61}}]},"1":{"loc":{"start":{"line":60,"column":27},"end":{"line":60,"column":56}},"type":"cond-expr","locations":[{"start":{"line":60,"column":41},"end":{"line":60,"column":47}},{"start":{"line":60,"column":50},"end":{"line":60,"column":56}}]},"2":{"loc":{"start":{"line":140,"column":23},"end":{"line":140,"column":68}},"type":"cond-expr","locations":[{"start":{"line":140,"column":40},"end":{"line":140,"column":56}},{"start":{"line":140,"column":59},"end":{"line":140,"column":68}}]},"3":{"loc":{"start":{"line":145,"column":23},"end":{"line":145,"column":68}},"type":"cond-expr","locations":[{"start":{"line":145,"column":40},"end":{"line":145,"column":56}},{"start":{"line":145,"column":59},"end":{"line":145,"column":68}}]},"4":{"loc":{"start":{"line":168,"column":24},"end":{"line":168,"column":66}},"type":"cond-expr","locations":[{"start":{"line":168,"column":41},"end":{"line":168,"column":54}},{"start":{"line":168,"column":57},"end":{"line":168,"column":66}}]},"5":{"loc":{"start":{"line":169,"column":25},"end":{"line":169,"column":49}},"type":"cond-expr","locations":[{"start":{"line":169,"column":42},"end":{"line":169,"column":45}},{"start":{"line":169,"column":48},"end":{"line":169,"column":49}}]},"6":{"loc":{"start":{"line":170,"column":32},"end":{"line":170,"column":64}},"type":"cond-expr","locations":[{"start":{"line":170,"column":49},"end":{"line":170,"column":55}},{"start":{"line":170,"column":58},"end":{"line":170,"column":64}}]},"7":{"loc":{"start":{"line":269,"column":4},"end":{"line":269,"column":48}},"type":"if","locations":[{"start":{"line":269,"column":4},"end":{"line":269,"column":48}}]},"8":{"loc":{"start":{"line":269,"column":8},"end":{"line":269,"column":36}},"type":"binary-expr","locations":[{"start":{"line":269,"column":8},"end":{"line":269,"column":21}},{"start":{"line":269,"column":25},"end":{"line":269,"column":36}}]},"9":{"loc":{"start":{"line":278,"column":6},"end":{"line":280,"column":7}},"type":"if","locations":[{"start":{"line":278,"column":6},"end":{"line":280,"column":7}}]},"10":{"loc":{"start":{"line":288,"column":4},"end":{"line":288,"column":63}},"type":"if","locations":[{"start":{"line":288,"column":4},"end":{"line":288,"column":63}}]},"11":{"loc":{"start":{"line":288,"column":8},"end":{"line":288,"column":35}},"type":"binary-expr","locations":[{"start":{"line":288,"column":8},"end":{"line":288,"column":20}},{"start":{"line":288,"column":24},"end":{"line":288,"column":35}}]},"12":{"loc":{"start":{"line":292,"column":11},"end":{"line":292,"column":74}},"type":"cond-expr","locations":[{"start":{"line":292,"column":28},"end":{"line":292,"column":53}},{"start":{"line":292,"column":56},"end":{"line":292,"column":74}}]},"13":{"loc":{"start":{"line":334,"column":2},"end":{"line":336,"column":3}},"type":"if","locations":[{"start":{"line":334,"column":2},"end":{"line":336,"column":3}}]},"14":{"loc":{"start":{"line":339,"column":2},"end":{"line":345,"column":3}},"type":"if","locations":[{"start":{"line":339,"column":2},"end":{"line":345,"column":3}}]},"15":{"loc":{"start":{"line":375,"column":27},"end":{"line":375,"column":48}},"type":"binary-expr","locations":[{"start":{"line":375,"column":27},"end":{"line":375,"column":42}},{"start":{"line":375,"column":46},"end":{"line":375,"column":48}}]},"16":{"loc":{"start":{"line":376,"column":53},"end":{"line":376,"column":74}},"type":"binary-expr","locations":[{"start":{"line":376,"column":53},"end":{"line":376,"column":68}},{"start":{"line":376,"column":72},"end":{"line":376,"column":74}}]},"17":{"loc":{"start":{"line":388,"column":23},"end":{"line":388,"column":57}},"type":"binary-expr","locations":[{"start":{"line":388,"column":23},"end":{"line":388,"column":38}},{"start":{"line":388,"column":42},"end":{"line":388,"column":57}}]}},"s":{"0":0,"1":0,"2":0,"3":0,"4":0,"5":0,"6":0,"7":0,"8":0,"9":0,"10":0,"11":0,"12":0,"13":0,"14":0,"15":0,"16":0,"17":0,"18":0,"19":0,"20":0,"21":0,"22":0,"23":0,"24":0,"25":0,"26":0,"27":0,"28":0,"29":0,"30":0,"31":0,"32":0,"33":0,"34":0,"35":0,"36":0,"37":0,"38":0,"39":0,"40":0,"41":0,"42":0,"43":0,"44":0,"45":0,"46":0,"47":0,"48":0,"49":0,"50":0,"51":0,"52":0,"53":0,"54":0,"55":0,"56":0,"57":0,"58":0,"59":0,"60":0,"61":0,"62":0,"63":0},"f":{"0":0,"1":0,"2":0,"3":0,"4":0,"5":0,"6":0,"7":0,"8":0,"9":0,"10":0,"11":0,"12":0,"13":0,"14":0,"15":0,"16":0,"17":0,"18":0,"19":0},"b":{"0":[0,0],"1":[0,0],"2":[0,0],"3":[0,0],"4":[0,0],"5":[0,0],"6":[0,0],"7":[0],"8":[0,0],"9":[0],"10":[0],"11":[0,0],"12":[0,0],"13":[0],"14":[0],"15":[0,0],"16":[0,0],"17":[0,0]}}
,"/Users/mariogalla/Library/CloudStorage/OneDrive-mutablyGmbH/Projekte/LVR/Custom Report/Link-Report/src/components/selection.tsx": {"path":"/Users/mariogalla/Library/CloudStorage/OneDrive-mutablyGmbH/Projekte/LVR/Custom Report/Link-Report/src/components/selection.tsx","statementMap":{"0":{"start":{"line":9,"column":25},"end":{"line":20,"column":2}},"1":{"start":{"line":22,"column":21},"end":{"line":29,"column":2}},"2":{"start":{"line":31,"column":21},"end":{"line":37,"column":2}},"3":{"start":{"line":39,"column":20},"end":{"line":57,"column":2}},"4":{"start":{"line":59,"column":26},"end":{"line":65,"column":2}},"5":{"start":{"line":67,"column":21},"end":{"line":83,"column":2}},"6":{"start":{"line":85,"column":14},"end":{"line":92,"column":2}},"7":{"start":{"line":94,"column":17},"end":{"line":102,"column":2}},"8":{"start":{"line":104,"column":16},"end":{"line":108,"column":2}},"9":{"start":{"line":110,"column":18},"end":{"line":114,"column":2}},"10":{"start":{"line":116,"column":19},"end":{"line":121,"column":2}},"11":{"start":{"line":123,"column":18},"end":{"line":126,"column":2}},"12":{"start":{"line":128,"column":16},"end":{"line":132,"column":2}},"13":{"start":{"line":134,"column":14},"end":{"line":143,"column":2}},"14":{"start":{"line":145,"column":15},"end":{"line":149,"column":2}},"15":{"start":{"line":151,"column":22},"end":{"line":168,"column":2}},"16":{"start":{"line":170,"column":29},"end":{"line":178,"column":2}},"17":{"start":{"line":180,"column":22},"end":{"line":184,"column":2}},"18":{"start":{"line":186,"column":21},"end":{"line":190,"column":2}},"19":{"start":{"line":192,"column":22},"end":{"line":196,"column":2}},"20":{"start":{"line":198,"column":24},"end":{"line":202,"column":2}},"21":{"start":{"line":204,"column":24},"end":{"line":211,"column":2}},"22":{"start":{"line":213,"column":24},"end":{"line":217,"column":2}},"23":{"start":{"line":222,"column":5},"end":{"line":350,"column":1}},"24":{"start":{"line":223,"column":16},"end":{"line":223,"column":32}},"25":{"start":{"line":224,"column":30},"end":{"line":224,"column":39}},"26":{"start":{"line":225,"column":23},"end":{"line":225,"column":34}},"27":{"start":{"line":226,"column":40},"end":{"line":226,"column":60}},"28":{"start":{"line":229,"column":2},"end":{"line":233,"column":49}},"29":{"start":{"line":230,"column":4},"end":{"line":232,"column":5}},"30":{"start":{"line":231,"column":6},"end":{"line":231,"column":40}},"31":{"start":{"line":236,"column":25},"end":{"line":248,"column":20}},"32":{"start":{"line":237,"column":43},"end":{"line":237,"column":45}},"33":{"start":{"line":239,"column":4},"end":{"line":245,"column":5}},"34":{"start":{"line":240,"column":6},"end":{"line":244,"column":9}},"35":{"start":{"line":241,"column":8},"end":{"line":243,"column":9}},"36":{"start":{"line":242,"column":10},"end":{"line":242,"column":77}},"37":{"start":{"line":247,"column":4},"end":{"line":247,"column":18}},"38":{"start":{"line":251,"column":28},"end":{"line":263,"column":8}},"39":{"start":{"line":254,"column":10},"end":{"line":261,"column":56}},"40":{"start":{"line":266,"column":30},"end":{"line":288,"column":3}},"41":{"start":{"line":267,"column":4},"end":{"line":287,"column":9}},"42":{"start":{"line":270,"column":8},"end":{"line":270,"column":null}},"43":{"start":{"line":290,"column":2},"end":{"line":349,"column":4}},"44":{"start":{"line":298,"column":27},"end":{"line":298,"column":57}},"45":{"start":{"line":307,"column":12},"end":{"line":308,"column":null}},"46":{"start":{"line":309,"column":29},"end":{"line":309,"column":55}}},"fnMap":{"0":{"name":"(anonymous_0)","decl":{"start":{"line":222,"column":5},"end":{"line":222,"column":6}},"loc":{"start":{"line":222,"column":34},"end":{"line":350,"column":1}}},"1":{"name":"(anonymous_1)","decl":{"start":{"line":229,"column":12},"end":{"line":229,"column":15}},"loc":{"start":{"line":229,"column":17},"end":{"line":233,"column":3}}},"2":{"name":"(anonymous_2)","decl":{"start":{"line":236,"column":33},"end":{"line":236,"column":36}},"loc":{"start":{"line":236,"column":38},"end":{"line":248,"column":3}}},"3":{"name":"(anonymous_3)","decl":{"start":{"line":240,"column":26},"end":{"line":240,"column":27}},"loc":{"start":{"line":240,"column":41},"end":{"line":244,"column":7}}},"4":{"name":"(anonymous_4)","decl":{"start":{"line":253,"column":8},"end":{"line":253,"column":9}},"loc":{"start":{"line":254,"column":10},"end":{"line":261,"column":56}}},"5":{"name":"(anonymous_5)","decl":{"start":{"line":266,"column":30},"end":{"line":266,"column":33}},"loc":{"start":{"line":266,"column":35},"end":{"line":288,"column":3}}},"6":{"name":"(anonymous_6)","decl":{"start":{"line":269,"column":11},"end":{"line":269,"column":12}},"loc":{"start":{"line":270,"column":8},"end":{"line":270,"column":null}}},"7":{"name":"(anonymous_7)","decl":{"start":{"line":298,"column":20},"end":{"line":298,"column":21}},"loc":{"start":{"line":298,"column":27},"end":{"line":298,"column":57}}},"8":{"name":"(anonymous_8)","decl":{"start":{"line":306,"column":32},"end":{"line":306,"column":33}},"loc":{"start":{"line":307,"column":12},"end":{"line":308,"column":null}}},"9":{"name":"(anonymous_9)","decl":{"start":{"line":309,"column":23},"end":{"line":309,"column":26}},"loc":{"start":{"line":309,"column":29},"end":{"line":309,"column":55}}}},"branchMap":{"0":{"loc":{"start":{"line":230,"column":4},"end":{"line":232,"column":5}},"type":"if","locations":[{"start":{"line":230,"column":4},"end":{"line":232,"column":5}}]},"1":{"loc":{"start":{"line":230,"column":8},"end":{"line":230,"column":70}},"type":"binary-expr","locations":[{"start":{"line":230,"column":8},"end":{"line":230,"column":20}},{"start":{"line":230,"column":24},"end":{"line":230,"column":47}},{"start":{"line":230,"column":51},"end":{"line":230,"column":70}}]},"2":{"loc":{"start":{"line":239,"column":4},"end":{"line":245,"column":5}},"type":"if","locations":[{"start":{"line":239,"column":4},"end":{"line":245,"column":5}}]},"3":{"loc":{"start":{"line":241,"column":8},"end":{"line":243,"column":9}},"type":"if","locations":[{"start":{"line":241,"column":8},"end":{"line":243,"column":9}}]},"4":{"loc":{"start":{"line":242,"column":40},"end":{"line":242,"column":71}},"type":"binary-expr","locations":[{"start":{"line":242,"column":40},"end":{"line":242,"column":66}},{"start":{"line":242,"column":70},"end":{"line":242,"column":71}}]},"5":{"loc":{"start":{"line":251,"column":28},"end":{"line":263,"column":8}},"type":"cond-expr","locations":[{"start":{"line":252,"column":6},"end":{"line":261,"column":null}},{"start":{"line":263,"column":6},"end":{"line":263,"column":8}}]},"6":{"loc":{"start":{"line":254,"column":10},"end":{"line":261,"column":56}},"type":"binary-expr","locations":[{"start":{"line":254,"column":10},"end":{"line":255,"column":null}},{"start":{"line":257,"column":10},"end":{"line":257,"column":76}},{"start":{"line":258,"column":10},"end":{"line":259,"column":null}},{"start":{"line":261,"column":10},"end":{"line":261,"column":56}}]},"7":{"loc":{"start":{"line":303,"column":9},"end":{"line":345,"column":null}},"type":"cond-expr","locations":[{"start":{"line":304,"column":10},"end":{"line":304,"column":31}},{"start":{"line":305,"column":12},"end":{"line":345,"column":null}}]},"8":{"loc":{"start":{"line":305,"column":12},"end":{"line":345,"column":null}},"type":"cond-expr","locations":[{"start":{"line":306,"column":10},"end":{"line":343,"column":12}},{"start":{"line":345,"column":10},"end":{"line":345,"column":73}}]},"9":{"loc":{"start":{"line":312,"column":18},"end":{"line":314,"column":51}},"type":"cond-expr","locations":[{"start":{"line":313,"column":22},"end":{"line":313,"column":59}},{"start":{"line":314,"column":22},"end":{"line":314,"column":51}}]},"10":{"loc":{"start":{"line":316,"column":18},"end":{"line":318,"column":43}},"type":"cond-expr","locations":[{"start":{"line":317,"column":22},"end":{"line":317,"column":46}},{"start":{"line":318,"column":22},"end":{"line":318,"column":43}}]},"11":{"loc":{"start":{"line":338,"column":21},"end":{"line":338,"column":58}},"type":"binary-expr","locations":[{"start":{"line":338,"column":21},"end":{"line":338,"column":53}},{"start":{"line":338,"column":57},"end":{"line":338,"column":58}}]},"12":{"loc":{"start":{"line":345,"column":19},"end":{"line":345,"column":63}},"type":"cond-expr","locations":[{"start":{"line":345,"column":33},"end":{"line":345,"column":48}},{"start":{"line":345,"column":51},"end":{"line":345,"column":63}}]}},"s":{"0":0,"1":0,"2":0,"3":0,"4":0,"5":0,"6":0,"7":0,"8":0,"9":0,"10":0,"11":0,"12":0,"13":0,"14":0,"15":0,"16":0,"17":0,"18":0,"19":0,"20":0,"21":0,"22":0,"23":0,"24":0,"25":0,"26":0,"27":0,"28":0,"29":0,"30":0,"31":0,"32":0,"33":0,"34":0,"35":0,"36":0,"37":0,"38":0,"39":0,"40":0,"41":0,"42":0,"43":0,"44":0,"45":0,"46":0},"f":{"0":0,"1":0,"2":0,"3":0,"4":0,"5":0,"6":0,"7":0,"8":0,"9":0},"b":{"0":[0],"1":[0,0,0],"2":[0],"3":[0],"4":[0,0],"5":[0,0],"6":[0,0,0,0],"7":[0,0],"8":[0,0],"9":[0,0],"10":[0,0],"11":[0,0],"12":[0,0]}}
,"/Users/mariogalla/Library/CloudStorage/OneDrive-mutablyGmbH/Projekte/LVR/Custom Report/Link-Report/src/components/DevTools/LanguageSwitcher.tsx": {"path":"/Users/mariogalla/Library/CloudStorage/OneDrive-mutablyGmbH/Projekte/LVR/Custom Report/Link-Report/src/components/DevTools/LanguageSwitcher.tsx","statementMap":{"0":{"start":{"line":6,"column":26},"end":{"line":19,"column":2}},"1":{"start":{"line":21,"column":14},"end":{"line":24,"column":2}},"2":{"start":{"line":26,"column":15},"end":{"line":35,"column":2}},"3":{"start":{"line":37,"column":17},"end":{"line":47,"column":2}},"4":{"start":{"line":52,"column":42},"end":{"line":101,"column":1}},"5":{"start":{"line":53,"column":16},"end":{"line":53,"column":35}},"6":{"start":{"line":54,"column":40},"end":{"line":54,"column":63}},"7":{"start":{"line":57,"column":2},"end":{"line":67,"column":9}},"8":{"start":{"line":58,"column":34},"end":{"line":60,"column":5}},"9":{"start":{"line":59,"column":6},"end":{"line":59,"column":36}},"10":{"start":{"line":62,"column":4},"end":{"line":62,"column":54}},"11":{"start":{"line":64,"column":4},"end":{"line":66,"column":6}},"12":{"start":{"line":65,"column":6},"end":{"line":65,"column":57}},"13":{"start":{"line":69,"column":2},"end":{"line":69,"column":26}},"14":{"start":{"line":69,"column":14},"end":{"line":69,"column":26}},"15":{"start":{"line":71,"column":20},"end":{"line":74,"column":4}},"16":{"start":{"line":76,"column":31},"end":{"line":86,"column":3}},"17":{"start":{"line":77,"column":20},"end":{"line":77,"column":34}},"18":{"start":{"line":80,"column":4},"end":{"line":80,"column":33}},"19":{"start":{"line":83,"column":4},"end":{"line":85,"column":5}},"20":{"start":{"line":84,"column":6},"end":{"line":84,"column":44}},"21":{"start":{"line":88,"column":2},"end":{"line":100,"column":4}},"22":{"start":{"line":94,"column":10},"end":{"line":94,"column":29}}},"fnMap":{"0":{"name":"(anonymous_0)","decl":{"start":{"line":52,"column":42},"end":{"line":52,"column":45}},"loc":{"start":{"line":52,"column":47},"end":{"line":101,"column":1}}},"1":{"name":"(anonymous_1)","decl":{"start":{"line":57,"column":12},"end":{"line":57,"column":15}},"loc":{"start":{"line":57,"column":17},"end":{"line":67,"column":3}}},"2":{"name":"(anonymous_2)","decl":{"start":{"line":58,"column":34},"end":{"line":58,"column":37}},"loc":{"start":{"line":58,"column":39},"end":{"line":60,"column":5}}},"3":{"name":"(anonymous_3)","decl":{"start":{"line":64,"column":11},"end":{"line":64,"column":14}},"loc":{"start":{"line":64,"column":16},"end":{"line":66,"column":5}}},"4":{"name":"(anonymous_4)","decl":{"start":{"line":76,"column":31},"end":{"line":76,"column":32}},"loc":{"start":{"line":76,"column":75},"end":{"line":86,"column":3}}},"5":{"name":"(anonymous_5)","decl":{"start":{"line":93,"column":39},"end":{"line":93,"column":40}},"loc":{"start":{"line":94,"column":10},"end":{"line":94,"column":29}}}},"branchMap":{"0":{"loc":{"start":{"line":69,"column":2},"end":{"line":69,"column":26}},"type":"if","locations":[{"start":{"line":69,"column":2},"end":{"line":69,"column":26}}]},"1":{"loc":{"start":{"line":83,"column":4},"end":{"line":85,"column":5}},"type":"if","locations":[{"start":{"line":83,"column":4},"end":{"line":85,"column":5}}]}},"s":{"0":0,"1":0,"2":0,"3":0,"4":0,"5":0,"6":0,"7":0,"8":0,"9":0,"10":0,"11":0,"12":0,"13":0,"14":0,"15":0,"16":0,"17":0,"18":0,"19":0,"20":0,"21":0,"22":0},"f":{"0":0,"1":0,"2":0,"3":0,"4":0,"5":0},"b":{"0":[0],"1":[0]}}
,"/Users/mariogalla/Library/CloudStorage/OneDrive-mutablyGmbH/Projekte/LVR/Custom Report/Link-Report/src/config/colors.ts": {"path":"/Users/mariogalla/Library/CloudStorage/OneDrive-mutablyGmbH/Projekte/LVR/Custom Report/Link-Report/src/config/colors.ts","statementMap":{"0":{"start":{"line":2,"column":22},"end":{"line":33,"column":2}}},"fnMap":{},"branchMap":{},"s":{"0":0},"f":{},"b":{}}
,"/Users/mariogalla/Library/CloudStorage/OneDrive-mutablyGmbH/Projekte/LVR/Custom Report/Link-Report/src/helper/getDateTime.ts": {"path":"/Users/mariogalla/Library/CloudStorage/OneDrive-mutablyGmbH/Projekte/LVR/Custom Report/Link-Report/src/helper/getDateTime.ts","statementMap":{"0":{"start":{"line":3,"column":27},"end":{"line":27,"column":1}},"1":{"start":{"line":5,"column":15},"end":{"line":5,"column":32}},"2":{"start":{"line":6,"column":26},"end":{"line":6,"column":56}},"3":{"start":{"line":7,"column":23},"end":{"line":7,"column":50}},"4":{"start":{"line":8,"column":26},"end":{"line":8,"column":56}},"5":{"start":{"line":10,"column":2},"end":{"line":12,"column":3}},"6":{"start":{"line":11,"column":4},"end":{"line":11,"column":44}},"7":{"start":{"line":14,"column":2},"end":{"line":26,"column":3}},"8":{"start":{"line":16,"column":26},"end":{"line":20,"column":null}},"9":{"start":{"line":22,"column":4},"end":{"line":22,"column":25}},"10":{"start":{"line":24,"column":4},"end":{"line":24,"column":51}},"11":{"start":{"line":25,"column":4},"end":{"line":25,"column":30}},"12":{"start":{"line":29,"column":34},"end":{"line":57,"column":1}},"13":{"start":{"line":36,"column":18},"end":{"line":36,"column":72}},"14":{"start":{"line":39,"column":2},"end":{"line":54,"column":3}},"15":{"start":{"line":40,"column":26},"end":{"line":43,"column":null}},"16":{"start":{"line":47,"column":26},"end":{"line":49,"column":27}},"17":{"start":{"line":51,"column":22},"end":{"line":51,"column":30}},"18":{"start":{"line":53,"column":4},"end":{"line":53,"column":61}},"19":{"start":{"line":56,"column":2},"end":{"line":56,"column":19}}},"fnMap":{"0":{"name":"(anonymous_0)","decl":{"start":{"line":3,"column":27},"end":{"line":3,"column":28}},"loc":{"start":{"line":3,"column":47},"end":{"line":27,"column":1}}},"1":{"name":"(anonymous_1)","decl":{"start":{"line":29,"column":34},"end":{"line":29,"column":null}},"loc":{"start":{"line":34,"column":12},"end":{"line":57,"column":1}}}},"branchMap":{"0":{"loc":{"start":{"line":10,"column":2},"end":{"line":12,"column":3}},"type":"if","locations":[{"start":{"line":10,"column":2},"end":{"line":12,"column":3}}]},"1":{"loc":{"start":{"line":36,"column":41},"end":{"line":36,"column":58}},"type":"binary-expr","locations":[{"start":{"line":36,"column":41},"end":{"line":36,"column":49}},{"start":{"line":36,"column":53},"end":{"line":36,"column":58}}]},"2":{"loc":{"start":{"line":39,"column":2},"end":{"line":54,"column":3}},"type":"if","locations":[{"start":{"line":39,"column":2},"end":{"line":54,"column":3}}]},"3":{"loc":{"start":{"line":42,"column":6},"end":{"line":42,"column":23}},"type":"binary-expr","locations":[{"start":{"line":42,"column":6},"end":{"line":42,"column":14}},{"start":{"line":42,"column":18},"end":{"line":42,"column":23}}]}},"s":{"0":1,"1":4,"2":4,"3":4,"4":4,"5":4,"6":0,"7":4,"8":4,"9":4,"10":0,"11":0,"12":1,"13":4,"14":4,"15":4,"16":4,"17":4,"18":4,"19":4},"f":{"0":4,"1":4},"b":{"0":[0],"1":[4,0],"2":[4],"3":[4,0]}}
,"/Users/mariogalla/Library/CloudStorage/OneDrive-mutablyGmbH/Projekte/LVR/Custom Report/Link-Report/src/hooks/use-data.ts": {"path":"/Users/mariogalla/Library/CloudStorage/OneDrive-mutablyGmbH/Projekte/LVR/Custom Report/Link-Report/src/hooks/use-data.ts","statementMap":{"0":{"start":{"line":5,"column":23},"end":{"line":52,"column":1}},"1":{"start":{"line":6,"column":26},"end":{"line":6,"column":53}},"2":{"start":{"line":7,"column":40},"end":{"line":7,"column":74}},"3":{"start":{"line":8,"column":36},"end":{"line":8,"column":59}},"4":{"start":{"line":10,"column":2},"end":{"line":49,"column":9}},"5":{"start":{"line":11,"column":22},"end":{"line":46,"column":5}},"6":{"start":{"line":12,"column":6},"end":{"line":12,"column":25}},"7":{"start":{"line":13,"column":6},"end":{"line":45,"column":7}},"8":{"start":{"line":15,"column":8},"end":{"line":27,"column":9}},"9":{"start":{"line":16,"column":10},"end":{"line":16,"column":31}},"10":{"start":{"line":19,"column":13},"end":{"line":27,"column":9}},"11":{"start":{"line":20,"column":31},"end":{"line":20,"column":63}},"12":{"start":{"line":21,"column":10},"end":{"line":21,"column":28}},"13":{"start":{"line":22,"column":10},"end":{"line":22,"column":33}},"14":{"start":{"line":25,"column":10},"end":{"line":25,"column":30}},"15":{"start":{"line":26,"column":10},"end":{"line":26,"column":35}},"16":{"start":{"line":30,"column":8},"end":{"line":42,"column":9}},"17":{"start":{"line":31,"column":10},"end":{"line":31,"column":45}},"18":{"start":{"line":34,"column":13},"end":{"line":42,"column":9}},"19":{"start":{"line":35,"column":38},"end":{"line":35,"column":77}},"20":{"start":{"line":36,"column":10},"end":{"line":36,"column":42}},"21":{"start":{"line":37,"column":10},"end":{"line":37,"column":47}},"22":{"start":{"line":40,"column":10},"end":{"line":40,"column":44}},"23":{"start":{"line":41,"column":10},"end":{"line":41,"column":49}},"24":{"start":{"line":44,"column":8},"end":{"line":44,"column":28}},"25":{"start":{"line":48,"column":4},"end":{"line":48,"column":16}},"26":{"start":{"line":51,"column":2},"end":{"line":51,"column":42}}},"fnMap":{"0":{"name":"(anonymous_0)","decl":{"start":{"line":5,"column":23},"end":{"line":5,"column":26}},"loc":{"start":{"line":5,"column":28},"end":{"line":52,"column":1}}},"1":{"name":"(anonymous_1)","decl":{"start":{"line":10,"column":12},"end":{"line":10,"column":15}},"loc":{"start":{"line":10,"column":17},"end":{"line":49,"column":3}}},"2":{"name":"(anonymous_2)","decl":{"start":{"line":11,"column":22},"end":{"line":11,"column":27}},"loc":{"start":{"line":11,"column":33},"end":{"line":46,"column":5}}}},"branchMap":{"0":{"loc":{"start":{"line":15,"column":8},"end":{"line":27,"column":9}},"type":"if","locations":[{"start":{"line":15,"column":8},"end":{"line":27,"column":9}},{"start":{"line":19,"column":13},"end":{"line":27,"column":9}}]},"1":{"loc":{"start":{"line":19,"column":13},"end":{"line":27,"column":9}},"type":"if","locations":[{"start":{"line":19,"column":13},"end":{"line":27,"column":9}},{"start":{"line":23,"column":15},"end":{"line":27,"column":9}}]},"2":{"loc":{"start":{"line":30,"column":8},"end":{"line":42,"column":9}},"type":"if","locations":[{"start":{"line":30,"column":8},"end":{"line":42,"column":9}},{"start":{"line":34,"column":13},"end":{"line":42,"column":9}}]},"3":{"loc":{"start":{"line":34,"column":13},"end":{"line":42,"column":9}},"type":"if","locations":[{"start":{"line":34,"column":13},"end":{"line":42,"column":9}},{"start":{"line":38,"column":15},"end":{"line":42,"column":9}}]}},"s":{"0":0,"1":0,"2":0,"3":0,"4":0,"5":0,"6":0,"7":0,"8":0,"9":0,"10":0,"11":0,"12":0,"13":0,"14":0,"15":0,"16":0,"17":0,"18":0,"19":0,"20":0,"21":0,"22":0,"23":0,"24":0,"25":0,"26":0},"f":{"0":0,"1":0,"2":0},"b":{"0":[0,0],"1":[0,0],"2":[0,0],"3":[0,0]}}
,"/Users/mariogalla/Library/CloudStorage/OneDrive-mutablyGmbH/Projekte/LVR/Custom Report/Link-Report/src/hooks/useEmailSelection.ts": {"path":"/Users/mariogalla/Library/CloudStorage/OneDrive-mutablyGmbH/Projekte/LVR/Custom Report/Link-Report/src/hooks/useEmailSelection.ts","statementMap":{"0":{"start":{"line":4,"column":33},"end":{"line":51,"column":1}},"1":{"start":{"line":5,"column":46},"end":{"line":5,"column":68}},"2":{"start":{"line":7,"column":31},"end":{"line":17,"column":3}},"3":{"start":{"line":8,"column":4},"end":{"line":8,"column":23}},"4":{"start":{"line":8,"column":16},"end":{"line":8,"column":23}},"5":{"start":{"line":10,"column":4},"end":{"line":16,"column":7}},"6":{"start":{"line":11,"column":6},"end":{"line":15,"column":7}},"7":{"start":{"line":12,"column":8},"end":{"line":12,"column":32}},"8":{"start":{"line":14,"column":8},"end":{"line":14,"column":47}},"9":{"start":{"line":14,"column":34},"end":{"line":14,"column":45}},"10":{"start":{"line":19,"column":26},"end":{"line":28,"column":3}},"11":{"start":{"line":20,"column":24},"end":{"line":22,"column":57}},"12":{"start":{"line":21,"column":23},"end":{"line":21,"column":40}},"13":{"start":{"line":22,"column":42},"end":{"line":22,"column":56}},"14":{"start":{"line":24,"column":4},"end":{"line":27,"column":7}},"15":{"start":{"line":25,"column":24},"end":{"line":25,"column":58}},"16":{"start":{"line":26,"column":6},"end":{"line":26,"column":35}},"17":{"start":{"line":30,"column":28},"end":{"line":32,"column":3}},"18":{"start":{"line":31,"column":4},"end":{"line":31,"column":26}},"19":{"start":{"line":34,"column":24},"end":{"line":42,"column":3}},"20":{"start":{"line":35,"column":4},"end":{"line":35,"column":48}},"21":{"start":{"line":35,"column":37},"end":{"line":35,"column":48}},"22":{"start":{"line":36,"column":20},"end":{"line":36,"column":31}},"23":{"start":{"line":37,"column":17},"end":{"line":37,"column":19}},"24":{"start":{"line":38,"column":17},"end":{"line":40,"column":79}},"25":{"start":{"line":41,"column":4},"end":{"line":41,"column":16}},"26":{"start":{"line":44,"column":2},"end":{"line":50,"column":4}}},"fnMap":{"0":{"name":"(anonymous_0)","decl":{"start":{"line":4,"column":33},"end":{"line":4,"column":36}},"loc":{"start":{"line":4,"column":38},"end":{"line":51,"column":1}}},"1":{"name":"(anonymous_1)","decl":{"start":{"line":7,"column":31},"end":{"line":7,"column":32}},"loc":{"start":{"line":7,"column":74},"end":{"line":17,"column":3}}},"2":{"name":"(anonymous_2)","decl":{"start":{"line":10,"column":22},"end":{"line":10,"column":23}},"loc":{"start":{"line":10,"column":31},"end":{"line":16,"column":5}}},"3":{"name":"(anonymous_3)","decl":{"start":{"line":14,"column":27},"end":{"line":14,"column":28}},"loc":{"start":{"line":14,"column":34},"end":{"line":14,"column":45}}},"4":{"name":"(anonymous_4)","decl":{"start":{"line":19,"column":26},"end":{"line":19,"column":27}},"loc":{"start":{"line":19,"column":48},"end":{"line":28,"column":3}}},"5":{"name":"(anonymous_5)","decl":{"start":{"line":21,"column":11},"end":{"line":21,"column":12}},"loc":{"start":{"line":21,"column":23},"end":{"line":21,"column":40}}},"6":{"name":"(anonymous_6)","decl":{"start":{"line":22,"column":14},"end":{"line":22,"column":15}},"loc":{"start":{"line":22,"column":42},"end":{"line":22,"column":56}}},"7":{"name":"(anonymous_7)","decl":{"start":{"line":24,"column":22},"end":{"line":24,"column":23}},"loc":{"start":{"line":24,"column":31},"end":{"line":27,"column":5}}},"8":{"name":"(anonymous_8)","decl":{"start":{"line":30,"column":28},"end":{"line":30,"column":31}},"loc":{"start":{"line":30,"column":33},"end":{"line":32,"column":3}}},"9":{"name":"(anonymous_9)","decl":{"start":{"line":34,"column":24},"end":{"line":34,"column":25}},"loc":{"start":{"line":34,"column":42},"end":{"line":42,"column":3}}}},"branchMap":{"0":{"loc":{"start":{"line":8,"column":4},"end":{"line":8,"column":23}},"type":"if","locations":[{"start":{"line":8,"column":4},"end":{"line":8,"column":23}}]},"1":{"loc":{"start":{"line":11,"column":6},"end":{"line":15,"column":7}},"type":"if","locations":[{"start":{"line":11,"column":6},"end":{"line":15,"column":7}},{"start":{"line":13,"column":13},"end":{"line":15,"column":7}}]},"2":{"loc":{"start":{"line":35,"column":4},"end":{"line":35,"column":48}},"type":"if","locations":[{"start":{"line":35,"column":4},"end":{"line":35,"column":48}}]},"3":{"loc":{"start":{"line":36,"column":20},"end":{"line":36,"column":31}},"type":"binary-expr","locations":[{"start":{"line":36,"column":20},"end":{"line":36,"column":25}},{"start":{"line":36,"column":29},"end":{"line":36,"column":31}}]}},"s":{"0":0,"1":0,"2":0,"3":0,"4":0,"5":0,"6":0,"7":0,"8":0,"9":0,"10":0,"11":0,"12":0,"13":0,"14":0,"15":0,"16":0,"17":0,"18":0,"19":0,"20":0,"21":0,"22":0,"23":0,"24":0,"25":0,"26":0},"f":{"0":0,"1":0,"2":0,"3":0,"4":0,"5":0,"6":0,"7":0,"8":0,"9":0},"b":{"0":[0],"1":[0,0],"2":[0],"3":[0,0]}}
,"/Users/mariogalla/Library/CloudStorage/OneDrive-mutablyGmbH/Projekte/LVR/Custom Report/Link-Report/src/hooks/useTranslationUtils.ts": {"path":"/Users/mariogalla/Library/CloudStorage/OneDrive-mutablyGmbH/Projekte/LVR/Custom Report/Link-Report/src/hooks/useTranslationUtils.ts","statementMap":{"0":{"start":{"line":5,"column":35},"end":{"line":33,"column":1}},"1":{"start":{"line":6,"column":22},"end":{"line":6,"column":38}},"2":{"start":{"line":9,"column":26},"end":{"line":11,"column":8}},"3":{"start":{"line":10,"column":4},"end":{"line":10,"column":21}},"4":{"start":{"line":14,"column":29},"end":{"line":16,"column":12}},"5":{"start":{"line":15,"column":4},"end":{"line":15,"column":25}},"6":{"start":{"line":19,"column":22},"end":{"line":23,"column":null}},"7":{"start":{"line":21,"column":6},"end":{"line":21,"column":36}},"8":{"start":{"line":26,"column":2},"end":{"line":32,"column":4}}},"fnMap":{"0":{"name":"(anonymous_0)","decl":{"start":{"line":5,"column":35},"end":{"line":5,"column":38}},"loc":{"start":{"line":5,"column":40},"end":{"line":33,"column":1}}},"1":{"name":"(anonymous_1)","decl":{"start":{"line":9,"column":38},"end":{"line":9,"column":41}},"loc":{"start":{"line":9,"column":43},"end":{"line":11,"column":3}}},"2":{"name":"(anonymous_2)","decl":{"start":{"line":14,"column":41},"end":{"line":14,"column":44}},"loc":{"start":{"line":14,"column":46},"end":{"line":16,"column":3}}},"3":{"name":"(anonymous_3)","decl":{"start":{"line":20,"column":4},"end":{"line":20,"column":5}},"loc":{"start":{"line":20,"column":25},"end":{"line":22,"column":5}}}},"branchMap":{},"s":{"0":0,"1":0,"2":0,"3":0,"4":0,"5":0,"6":0,"7":0,"8":0},"f":{"0":0,"1":0,"2":0,"3":0},"b":{}}
,"/Users/mariogalla/Library/CloudStorage/OneDrive-mutablyGmbH/Projekte/LVR/Custom Report/Link-Report/src/i18n/index.ts": {"path":"/Users/mariogalla/Library/CloudStorage/OneDrive-mutablyGmbH/Projekte/LVR/Custom Report/Link-Report/src/i18n/index.ts","statementMap":{"0":{"start":{"line":7,"column":0},"end":{"line":25,"column":3}},"1":{"start":{"line":28,"column":30},"end":{"line":35,"column":1}},"2":{"start":{"line":29,"column":22},"end":{"line":29,"column":63}},"3":{"start":{"line":30,"column":2},"end":{"line":33,"column":3}},"4":{"start":{"line":31,"column":4},"end":{"line":31,"column":77}},"5":{"start":{"line":32,"column":4},"end":{"line":32,"column":37}},"6":{"start":{"line":34,"column":2},"end":{"line":34,"column":21}}},"fnMap":{"0":{"name":"(anonymous_0)","decl":{"start":{"line":28,"column":30},"end":{"line":28,"column":33}},"loc":{"start":{"line":28,"column":35},"end":{"line":35,"column":1}}}},"branchMap":{"0":{"loc":{"start":{"line":29,"column":22},"end":{"line":29,"column":63}},"type":"binary-expr","locations":[{"start":{"line":29,"column":22},"end":{"line":29,"column":50}},{"start":{"line":29,"column":54},"end":{"line":29,"column":63}}]},"1":{"loc":{"start":{"line":30,"column":2},"end":{"line":33,"column":3}},"type":"if","locations":[{"start":{"line":30,"column":2},"end":{"line":33,"column":3}}]}},"s":{"0":0,"1":0,"2":0,"3":0,"4":0,"5":0,"6":0},"f":{"0":0},"b":{"0":[0,0],"1":[0]}}
,"/Users/mariogalla/Library/CloudStorage/OneDrive-mutablyGmbH/Projekte/LVR/Custom Report/Link-Report/src/mockData/data.ts": {"path":"/Users/mariogalla/Library/CloudStorage/OneDrive-mutablyGmbH/Projekte/LVR/Custom Report/Link-Report/src/mockData/data.ts","statementMap":{"0":{"start":{"line":1,"column":24},"end":{"line":14847,"column":2}}},"fnMap":{},"branchMap":{},"s":{"0":0},"f":{},"b":{}}
,"/Users/mariogalla/Library/CloudStorage/OneDrive-mutablyGmbH/Projekte/LVR/Custom Report/Link-Report/src/mockData/preferences.ts": {"path":"/Users/mariogalla/Library/CloudStorage/OneDrive-mutablyGmbH/Projekte/LVR/Custom Report/Link-Report/src/mockData/preferences.ts","statementMap":{"0":{"start":{"line":1,"column":31},"end":{"line":25,"column":2}}},"fnMap":{},"branchMap":{},"s":{"0":1},"f":{},"b":{}}
,"/Users/mariogalla/Library/CloudStorage/OneDrive-mutablyGmbH/Projekte/LVR/Custom Report/Link-Report/src/security/hostVerification.ts": {"path":"/Users/mariogalla/Library/CloudStorage/OneDrive-mutablyGmbH/Projekte/LVR/Custom Report/Link-Report/src/security/hostVerification.ts","statementMap":{"0":{"start":{"line":3,"column":20},"end":{"line":3,"column":45}},"1":{"start":{"line":4,"column":25},"end":{"line":4,"column":56}},"2":{"start":{"line":7,"column":11},"end":{"line":7,"column":56}},"3":{"start":{"line":7,"column":26},"end":{"line":7,"column":56}},"4":{"start":{"line":8,"column":11},"end":{"line":12,"column":13}},"5":{"start":{"line":9,"column":2},"end":{"line":12,"column":13}},"6":{"start":{"line":11,"column":16},"end":{"line":11,"column":56}},"7":{"start":{"line":15,"column":11},"end":{"line":17,"column":1}},"8":{"start":{"line":16,"column":2},"end":{"line":16,"column":24}},"9":{"start":{"line":21,"column":24},"end":{"line":27,"column":2}},"10":{"start":{"line":30,"column":24},"end":{"line":30,"column":47}},"11":{"start":{"line":31,"column":0},"end":{"line":31,"column":49}},"12":{"start":{"line":34,"column":29},"end":{"line":37,"column":2}},"13":{"start":{"line":40,"column":26},"end":{"line":45,"column":1}},"14":{"start":{"line":44,"column":2},"end":{"line":44,"column":28}},"15":{"start":{"line":50,"column":29},"end":{"line":65,"column":1}},"16":{"start":{"line":51,"column":17},"end":{"line":51,"column":41}},"17":{"start":{"line":52,"column":19},"end":{"line":54,"column":null}},"18":{"start":{"line":58,"column":15},"end":{"line":63,"column":7}},"19":{"start":{"line":59,"column":4},"end":{"line":62,"column":6}},"20":{"start":{"line":64,"column":2},"end":{"line":64,"column":27}},"21":{"start":{"line":70,"column":22},"end":{"line":78,"column":1}},"22":{"start":{"line":72,"column":2},"end":{"line":72,"column":49}},"23":{"start":{"line":72,"column":37},"end":{"line":72,"column":49}},"24":{"start":{"line":75,"column":2},"end":{"line":75,"column":61}},"25":{"start":{"line":75,"column":49},"end":{"line":75,"column":61}},"26":{"start":{"line":77,"column":2},"end":{"line":77,"column":15}},"27":{"start":{"line":83,"column":29},"end":{"line":151,"column":1}},"28":{"start":{"line":84,"column":2},"end":{"line":150,"column":3}},"29":{"start":{"line":85,"column":19},"end":{"line":85,"column":43}},"30":{"start":{"line":86,"column":17},"end":{"line":86,"column":37}},"31":{"start":{"line":87,"column":22},"end":{"line":87,"column":46}},"32":{"start":{"line":88,"column":22},"end":{"line":88,"column":41}},"33":{"start":{"line":89,"column":27},"end":{"line":89,"column":52}},"34":{"start":{"line":90,"column":28},"end":{"line":90,"column":63}},"35":{"start":{"line":91,"column":21},"end":{"line":91,"column":61}},"36":{"start":{"line":93,"column":6},"end":{"line":93,"column":60}},"37":{"start":{"line":94,"column":21},"end":{"line":94,"column":48}},"38":{"start":{"line":95,"column":21},"end":{"line":95,"column":45}},"39":{"start":{"line":98,"column":31},"end":{"line":103,"column":16}},"40":{"start":{"line":100,"column":28},"end":{"line":100,"column":58}},"41":{"start":{"line":101,"column":8},"end":{"line":101,"column":58}},"42":{"start":{"line":106,"column":21},"end":{"line":106,"column":26}},"43":{"start":{"line":107,"column":4},"end":{"line":118,"column":5}},"44":{"start":{"line":108,"column":6},"end":{"line":117,"column":13}},"45":{"start":{"line":111,"column":8},"end":{"line":116,"column":9}},"46":{"start":{"line":113,"column":10},"end":{"line":113,"column":65}},"47":{"start":{"line":115,"column":10},"end":{"line":115,"column":23}},"48":{"start":{"line":121,"column":21},"end":{"line":135,"column":6}},"49":{"start":{"line":138,"column":20},"end":{"line":138,"column":44}},"50":{"start":{"line":141,"column":4},"end":{"line":141,"column":25}},"51":{"start":{"line":144,"column":19},"end":{"line":144,"column":43}},"52":{"start":{"line":145,"column":22},"end":{"line":145,"column":46}},"53":{"start":{"line":146,"column":21},"end":{"line":146,"column":77}},"54":{"start":{"line":147,"column":4},"end":{"line":149,"column":6}},"55":{"start":{"line":156,"column":26},"end":{"line":177,"column":1}},"56":{"start":{"line":158,"column":2},"end":{"line":161,"column":3}},"57":{"start":{"line":159,"column":4},"end":{"line":159,"column":65}},"58":{"start":{"line":160,"column":4},"end":{"line":160,"column":16}},"59":{"start":{"line":163,"column":22},"end":{"line":163,"column":46}},"60":{"start":{"line":164,"column":2},"end":{"line":164,"column":48}},"61":{"start":{"line":167,"column":2},"end":{"line":173,"column":3}},"62":{"start":{"line":167,"column":15},"end":{"line":167,"column":16}},"63":{"start":{"line":168,"column":20},"end":{"line":168,"column":42}},"64":{"start":{"line":169,"column":4},"end":{"line":172,"column":5}},"65":{"start":{"line":170,"column":6},"end":{"line":170,"column":64}},"66":{"start":{"line":171,"column":6},"end":{"line":171,"column":18}},"67":{"start":{"line":175,"column":2},"end":{"line":175,"column":65}},"68":{"start":{"line":176,"column":2},"end":{"line":176,"column":15}},"69":{"start":{"line":183,"column":37},"end":{"line":215,"column":1}},"70":{"start":{"line":185,"column":2},"end":{"line":188,"column":3}},"71":{"start":{"line":186,"column":4},"end":{"line":186,"column":71}},"72":{"start":{"line":187,"column":4},"end":{"line":187,"column":11}},"73":{"start":{"line":191,"column":2},"end":{"line":191,"column":47}},"74":{"start":{"line":192,"column":2},"end":{"line":192,"column":53}},"75":{"start":{"line":193,"column":2},"end":{"line":193,"column":52}},"76":{"start":{"line":194,"column":2},"end":{"line":194,"column":53}},"77":{"start":{"line":195,"column":2},"end":{"line":195,"column":53}},"78":{"start":{"line":196,"column":2},"end":{"line":196,"column":54}},"79":{"start":{"line":199,"column":2},"end":{"line":203,"column":3}},"80":{"start":{"line":200,"column":4},"end":{"line":200,"column":54}},"81":{"start":{"line":201,"column":4},"end":{"line":201,"column":31}},"82":{"start":{"line":202,"column":4},"end":{"line":202,"column":11}},"83":{"start":{"line":206,"column":21},"end":{"line":214,"column":76}},"84":{"start":{"line":207,"column":20},"end":{"line":207,"column":32}},"85":{"start":{"line":209,"column":4},"end":{"line":213,"column":5}},"86":{"start":{"line":210,"column":6},"end":{"line":210,"column":57}},"87":{"start":{"line":211,"column":6},"end":{"line":211,"column":32}},"88":{"start":{"line":212,"column":6},"end":{"line":212,"column":33}},"89":{"start":{"line":220,"column":33},"end":{"line":282,"column":1}},"90":{"start":{"line":221,"column":2},"end":{"line":281,"column":3}},"91":{"start":{"line":223,"column":27},"end":{"line":223,"column":49}},"92":{"start":{"line":224,"column":4},"end":{"line":224,"column":61}},"93":{"start":{"line":227,"column":25},"end":{"line":240,"column":6}},"94":{"start":{"line":243,"column":4},"end":{"line":243,"column":43}},"95":{"start":{"line":246,"column":4},"end":{"line":246,"column":52}},"96":{"start":{"line":247,"column":4},"end":{"line":247,"column":37}},"97":{"start":{"line":248,"column":4},"end":{"line":249,"column":56}},"98":{"start":{"line":252,"column":4},"end":{"line":252,"column":54}},"99":{"start":{"line":255,"column":4},"end":{"line":259,"column":6}},"100":{"start":{"line":257,"column":17},"end":{"line":257,"column":40}},"101":{"start":{"line":260,"column":4},"end":{"line":264,"column":6}},"102":{"start":{"line":262,"column":17},"end":{"line":262,"column":39}},"103":{"start":{"line":267,"column":4},"end":{"line":267,"column":74}},"104":{"start":{"line":269,"column":4},"end":{"line":269,"column":65}},"105":{"start":{"line":272,"column":4},"end":{"line":280,"column":6}}},"fnMap":{"0":{"name":"(anonymous_0)","decl":{"start":{"line":7,"column":11},"end":{"line":7,"column":12}},"loc":{"start":{"line":7,"column":26},"end":{"line":7,"column":56}}},"1":{"name":"(anonymous_1)","decl":{"start":{"line":8,"column":11},"end":{"line":8,"column":12}},"loc":{"start":{"line":9,"column":2},"end":{"line":12,"column":13}}},"2":{"name":"(anonymous_2)","decl":{"start":{"line":11,"column":9},"end":{"line":11,"column":10}},"loc":{"start":{"line":11,"column":16},"end":{"line":11,"column":56}}},"3":{"name":"(anonymous_3)","decl":{"start":{"line":15,"column":11},"end":{"line":15,"column":12}},"loc":{"start":{"line":15,"column":39},"end":{"line":17,"column":1}}},"4":{"name":"(anonymous_4)","decl":{"start":{"line":40,"column":26},"end":{"line":40,"column":null}},"loc":{"start":{"line":43,"column":7},"end":{"line":45,"column":1}}},"5":{"name":"(anonymous_5)","decl":{"start":{"line":50,"column":29},"end":{"line":50,"column":40}},"loc":{"start":{"line":50,"column":42},"end":{"line":65,"column":1}}},"6":{"name":"(anonymous_6)","decl":{"start":{"line":58,"column":39},"end":{"line":58,"column":40}},"loc":{"start":{"line":58,"column":56},"end":{"line":63,"column":3}}},"7":{"name":"(anonymous_7)","decl":{"start":{"line":70,"column":22},"end":{"line":70,"column":23}},"loc":{"start":{"line":70,"column":78},"end":{"line":78,"column":1}}},"8":{"name":"(anonymous_8)","decl":{"start":{"line":83,"column":29},"end":{"line":83,"column":40}},"loc":{"start":{"line":83,"column":42},"end":{"line":151,"column":1}}},"9":{"name":"(anonymous_9)","decl":{"start":{"line":99,"column":11},"end":{"line":99,"column":12}},"loc":{"start":{"line":99,"column":23},"end":{"line":102,"column":7}}},"10":{"name":"(anonymous_10)","decl":{"start":{"line":110,"column":28},"end":{"line":110,"column":31}},"loc":{"start":{"line":110,"column":33},"end":{"line":117,"column":7}}},"11":{"name":"(anonymous_11)","decl":{"start":{"line":156,"column":26},"end":{"line":156,"column":38}},"loc":{"start":{"line":156,"column":40},"end":{"line":177,"column":1}}},"12":{"name":"(anonymous_12)","decl":{"start":{"line":183,"column":37},"end":{"line":183,"column":46}},"loc":{"start":{"line":183,"column":48},"end":{"line":215,"column":1}}},"13":{"name":"(anonymous_13)","decl":{"start":{"line":206,"column":33},"end":{"line":206,"column":36}},"loc":{"start":{"line":206,"column":38},"end":{"line":214,"column":3}}},"14":{"name":"(anonymous_14)","decl":{"start":{"line":220,"column":33},"end":{"line":220,"column":42}},"loc":{"start":{"line":220,"column":44},"end":{"line":282,"column":1}}},"15":{"name":"(anonymous_15)","decl":{"start":{"line":257,"column":6},"end":{"line":257,"column":7}},"loc":{"start":{"line":257,"column":17},"end":{"line":257,"column":40}}},"16":{"name":"(anonymous_16)","decl":{"start":{"line":262,"column":6},"end":{"line":262,"column":7}},"loc":{"start":{"line":262,"column":17},"end":{"line":262,"column":39}}}},"branchMap":{"0":{"loc":{"start":{"line":72,"column":2},"end":{"line":72,"column":49}},"type":"if","locations":[{"start":{"line":72,"column":2},"end":{"line":72,"column":49}}]},"1":{"loc":{"start":{"line":75,"column":2},"end":{"line":75,"column":61}},"type":"if","locations":[{"start":{"line":75,"column":2},"end":{"line":75,"column":61}}]},"2":{"loc":{"start":{"line":90,"column":28},"end":{"line":90,"column":63}},"type":"cond-expr","locations":[{"start":{"line":90,"column":47},"end":{"line":90,"column":53}},{"start":{"line":90,"column":56},"end":{"line":90,"column":63}}]},"3":{"loc":{"start":{"line":91,"column":21},"end":{"line":91,"column":61}},"type":"cond-expr","locations":[{"start":{"line":91,"column":45},"end":{"line":91,"column":51}},{"start":{"line":91,"column":54},"end":{"line":91,"column":61}}]},"4":{"loc":{"start":{"line":93,"column":6},"end":{"line":93,"column":60}},"type":"cond-expr","locations":[{"start":{"line":93,"column":44},"end":{"line":93,"column":50}},{"start":{"line":93,"column":53},"end":{"line":93,"column":60}}]},"5":{"loc":{"start":{"line":94,"column":21},"end":{"line":94,"column":48}},"type":"binary-expr","locations":[{"start":{"line":94,"column":21},"end":{"line":94,"column":38}},{"start":{"line":94,"column":42},"end":{"line":94,"column":48}}]},"6":{"loc":{"start":{"line":101,"column":29},"end":{"line":101,"column":55}},"type":"cond-expr","locations":[{"start":{"line":101,"column":43},"end":{"line":101,"column":48}},{"start":{"line":101,"column":51},"end":{"line":101,"column":55}}]},"7":{"loc":{"start":{"line":107,"column":4},"end":{"line":118,"column":5}},"type":"if","locations":[{"start":{"line":107,"column":4},"end":{"line":118,"column":5}}]},"8":{"loc":{"start":{"line":113,"column":17},"end":{"line":113,"column":64}},"type":"cond-expr","locations":[{"start":{"line":113,"column":30},"end":{"line":113,"column":56}},{"start":{"line":113,"column":59},"end":{"line":113,"column":64}}]},"9":{"loc":{"start":{"line":146,"column":21},"end":{"line":146,"column":77}},"type":"cond-expr","locations":[{"start":{"line":146,"column":46},"end":{"line":146,"column":59}},{"start":{"line":146,"column":62},"end":{"line":146,"column":77}}]},"10":{"loc":{"start":{"line":158,"column":2},"end":{"line":161,"column":3}},"type":"if","locations":[{"start":{"line":158,"column":2},"end":{"line":161,"column":3}}]},"11":{"loc":{"start":{"line":169,"column":4},"end":{"line":172,"column":5}},"type":"if","locations":[{"start":{"line":169,"column":4},"end":{"line":172,"column":5}}]},"12":{"loc":{"start":{"line":185,"column":2},"end":{"line":188,"column":3}},"type":"if","locations":[{"start":{"line":185,"column":2},"end":{"line":188,"column":3}}]},"13":{"loc":{"start":{"line":199,"column":2},"end":{"line":203,"column":3}},"type":"if","locations":[{"start":{"line":199,"column":2},"end":{"line":203,"column":3}}]},"14":{"loc":{"start":{"line":209,"column":4},"end":{"line":213,"column":5}},"type":"if","locations":[{"start":{"line":209,"column":4},"end":{"line":213,"column":5}}]},"15":{"loc":{"start":{"line":276,"column":10},"end":{"line":276,"column":null}},"type":"cond-expr","locations":[{"start":{"line":276,"column":35},"end":{"line":276,"column":48}},{"start":{"line":276,"column":51},"end":{"line":276,"column":null}}]}},"s":{"0":0,"1":0,"2":0,"3":0,"4":0,"5":0,"6":0,"7":0,"8":0,"9":0,"10":0,"11":0,"12":0,"13":0,"14":0,"15":0,"16":0,"17":0,"18":0,"19":0,"20":0,"21":0,"22":0,"23":0,"24":0,"25":0,"26":0,"27":0,"28":0,"29":0,"30":0,"31":0,"32":0,"33":0,"34":0,"35":0,"36":0,"37":0,"38":0,"39":0,"40":0,"41":0,"42":0,"43":0,"44":0,"45":0,"46":0,"47":0,"48":0,"49":0,"50":0,"51":0,"52":0,"53":0,"54":0,"55":0,"56":0,"57":0,"58":0,"59":0,"60":0,"61":0,"62":0,"63":0,"64":0,"65":0,"66":0,"67":0,"68":0,"69":0,"70":0,"71":0,"72":0,"73":0,"74":0,"75":0,"76":0,"77":0,"78":0,"79":0,"80":0,"81":0,"82":0,"83":0,"84":0,"85":0,"86":0,"87":0,"88":0,"89":0,"90":0,"91":0,"92":0,"93":0,"94":0,"95":0,"96":0,"97":0,"98":0,"99":0,"100":0,"101":0,"102":0,"103":0,"104":0,"105":0},"f":{"0":0,"1":0,"2":0,"3":0,"4":0,"5":0,"6":0,"7":0,"8":0,"9":0,"10":0,"11":0,"12":0,"13":0,"14":0,"15":0,"16":0},"b":{"0":[0],"1":[0],"2":[0,0],"3":[0,0],"4":[0,0],"5":[0,0],"6":[0,0],"7":[0],"8":[0,0],"9":[0,0],"10":[0],"11":[0],"12":[0],"13":[0],"14":[0],"15":[0,0]}}
,"/Users/mariogalla/Library/CloudStorage/OneDrive-mutablyGmbH/Projekte/LVR/Custom Report/Link-Report/src/utils/dev-utils.ts": {"path":"/Users/mariogalla/Library/CloudStorage/OneDrive-mutablyGmbH/Projekte/LVR/Custom Report/Link-Report/src/utils/dev-utils.ts","statementMap":{"0":{"start":{"line":9,"column":29},"end":{"line":9,"column":48}},"1":{"start":{"line":16,"column":2},"end":{"line":18,"column":3}},"2":{"start":{"line":17,"column":4},"end":{"line":17,"column":15}},"3":{"start":{"line":34,"column":2},"end":{"line":38,"column":3}},"4":{"start":{"line":35,"column":4},"end":{"line":37,"column":7}},"5":{"start":{"line":36,"column":6},"end":{"line":36,"column":38}},"6":{"start":{"line":41,"column":2},"end":{"line":41,"column":34}}},"fnMap":{"0":{"name":"runInDevelopment","decl":{"start":{"line":15,"column":16},"end":{"line":15,"column":32}},"loc":{"start":{"line":15,"column":53},"end":{"line":19,"column":1}}},"1":{"name":"getMockData","decl":{"start":{"line":33,"column":16},"end":{"line":33,"column":27}},"loc":{"start":{"line":33,"column":65},"end":{"line":42,"column":1}}},"2":{"name":"(anonymous_2)","decl":{"start":{"line":35,"column":33},"end":{"line":35,"column":34}},"loc":{"start":{"line":35,"column":44},"end":{"line":37,"column":5}}}},"branchMap":{"0":{"loc":{"start":{"line":16,"column":2},"end":{"line":18,"column":3}},"type":"if","locations":[{"start":{"line":16,"column":2},"end":{"line":18,"column":3}}]},"1":{"loc":{"start":{"line":34,"column":2},"end":{"line":38,"column":3}},"type":"if","locations":[{"start":{"line":34,"column":2},"end":{"line":38,"column":3}}]},"2":{"loc":{"start":{"line":36,"column":13},"end":{"line":36,"column":37}},"type":"binary-expr","locations":[{"start":{"line":36,"column":13},"end":{"line":36,"column":27}},{"start":{"line":36,"column":31},"end":{"line":36,"column":37}}]}},"s":{"0":0,"1":0,"2":0,"3":0,"4":0,"5":0,"6":0},"f":{"0":0,"1":0,"2":0},"b":{"0":[0],"1":[0],"2":[0,0]}}
,"/Users/mariogalla/Library/CloudStorage/OneDrive-mutablyGmbH/Projekte/LVR/Custom Report/Link-Report/src/utils/mock-empty.ts": {"path":"/Users/mariogalla/Library/CloudStorage/OneDrive-mutablyGmbH/Projekte/LVR/Custom Report/Link-Report/src/utils/mock-empty.ts","statementMap":{"0":{"start":{"line":10,"column":31},"end":{"line":10,"column":33}},"1":{"start":{"line":14,"column":24},"end":{"line":14,"column":26}},"2":{"start":{"line":15,"column":27},"end":{"line":15,"column":37}},"3":{"start":{"line":15,"column":34},"end":{"line":15,"column":36}}},"fnMap":{"0":{"name":"(anonymous_0)","decl":{"start":{"line":15,"column":27},"end":{"line":15,"column":30}},"loc":{"start":{"line":15,"column":34},"end":{"line":15,"column":36}}}},"branchMap":{},"s":{"0":0,"1":0,"2":0,"3":0},"f":{"0":0},"b":{}}
}
