TN:
SF:src/App.tsx
FN:8,App
FN:14,(anonymous_1)
FN:22,(anonymous_2)
FN:30,(anonymous_3)
FN:38,(anonymous_4)
FNF:5
FNH:0
FNDA:0,App
FNDA:0,(anonymous_1)
FNDA:0,(anonymous_2)
FNDA:0,(anonymous_3)
FNDA:0,(anonymous_4)
DA:9,0
DA:10,0
DA:11,0
DA:14,0
DA:15,0
DA:16,0
DA:17,0
DA:22,0
DA:24,0
DA:25,0
DA:28,0
DA:29,0
DA:30,0
DA:31,0
DA:32,0
DA:33,0
DA:34,0
DA:38,0
DA:44,0
DA:45,0
DA:48,0
LF:21
LH:0
BRDA:16,0,0,0
BRDA:29,1,0,0
BRDA:31,2,0,0
BRDA:31,2,1,0
BRDA:32,3,0,0
BRDA:44,4,0,0
BRF:6
BRH:0
end_of_record
TN:
SF:src/main.tsx
FN:8,(anonymous_0)
FNF:1
FNH:0
FNDA:0,(anonymous_0)
DA:8,0
DA:9,0
DA:10,0
DA:11,0
DA:15,0
DA:16,0
DA:18,0
DA:20,0
DA:23,0
DA:26,0
DA:27,0
DA:28,0
DA:37,0
DA:42,0
DA:43,0
LF:15
LH:0
BRDA:18,0,0,0
BRDA:18,1,0,0
BRDA:18,1,1,0
BRDA:27,2,0,0
BRDA:42,3,0,0
BRF:5
BRH:0
end_of_record
TN:
SF:src/components/MainResult.tsx
FN:54,(anonymous_0)
FN:60,(anonymous_1)
FN:140,(anonymous_2)
FN:145,(anonymous_3)
FN:168,(anonymous_4)
FN:169,(anonymous_5)
FN:170,(anonymous_6)
FN:253,(anonymous_7)
FN:268,(anonymous_8)
FN:273,(anonymous_9)
FN:277,(anonymous_10)
FN:287,(anonymous_11)
FN:290,(anonymous_12)
FN:296,(anonymous_13)
FN:305,(anonymous_14)
FN:314,(anonymous_15)
FN:354,(anonymous_16)
FN:364,(anonymous_17)
FN:371,(anonymous_18)
FN:377,(anonymous_19)
FNF:20
FNH:0
FNDA:0,(anonymous_0)
FNDA:0,(anonymous_1)
FNDA:0,(anonymous_2)
FNDA:0,(anonymous_3)
FNDA:0,(anonymous_4)
FNDA:0,(anonymous_5)
FNDA:0,(anonymous_6)
FNDA:0,(anonymous_7)
FNDA:0,(anonymous_8)
FNDA:0,(anonymous_9)
FNDA:0,(anonymous_10)
FNDA:0,(anonymous_11)
FNDA:0,(anonymous_12)
FNDA:0,(anonymous_13)
FNDA:0,(anonymous_14)
FNDA:0,(anonymous_15)
FNDA:0,(anonymous_16)
FNDA:0,(anonymous_17)
FNDA:0,(anonymous_18)
FNDA:0,(anonymous_19)
DA:10,0
DA:21,0
DA:28,0
DA:37,0
DA:48,0
DA:53,0
DA:54,0
DA:60,0
DA:66,0
DA:73,0
DA:80,0
DA:88,0
DA:131,0
DA:137,0
DA:140,0
DA:143,0
DA:145,0
DA:148,0
DA:158,0
DA:168,0
DA:169,0
DA:170,0
DA:176,0
DA:195,0
DA:204,0
DA:210,0
DA:217,0
DA:223,0
DA:229,0
DA:233,0
DA:246,0
DA:253,0
DA:256,0
DA:257,0
DA:265,0
DA:268,0
DA:269,0
DA:272,0
DA:273,0
DA:277,0
DA:278,0
DA:279,0
DA:281,0
DA:282,0
DA:287,0
DA:288,0
DA:289,0
DA:290,0
DA:292,0
DA:296,0
DA:297,0
DA:306,0
DA:315,0
DA:334,0
DA:335,0
DA:339,0
DA:340,0
DA:347,0
DA:355,0
DA:364,0
DA:372,0
DA:378,0
LF:62
LH:0
BRDA:54,0,0,0
BRDA:54,0,1,0
BRDA:60,1,0,0
BRDA:60,1,1,0
BRDA:140,2,0,0
BRDA:140,2,1,0
BRDA:145,3,0,0
BRDA:145,3,1,0
BRDA:168,4,0,0
BRDA:168,4,1,0
BRDA:169,5,0,0
BRDA:169,5,1,0
BRDA:170,6,0,0
BRDA:170,6,1,0
BRDA:269,7,0,0
BRDA:269,8,0,0
BRDA:269,8,1,0
BRDA:278,9,0,0
BRDA:288,10,0,0
BRDA:288,11,0,0
BRDA:288,11,1,0
BRDA:292,12,0,0
BRDA:292,12,1,0
BRDA:334,13,0,0
BRDA:339,14,0,0
BRDA:375,15,0,0
BRDA:375,15,1,0
BRDA:376,16,0,0
BRDA:376,16,1,0
BRDA:388,17,0,0
BRDA:388,17,1,0
BRF:31
BRH:0
end_of_record
TN:
SF:src/components/selection.tsx
FN:222,(anonymous_0)
FN:229,(anonymous_1)
FN:236,(anonymous_2)
FN:240,(anonymous_3)
FN:253,(anonymous_4)
FN:266,(anonymous_5)
FN:269,(anonymous_6)
FN:298,(anonymous_7)
FN:306,(anonymous_8)
FN:309,(anonymous_9)
FNF:10
FNH:0
FNDA:0,(anonymous_0)
FNDA:0,(anonymous_1)
FNDA:0,(anonymous_2)
FNDA:0,(anonymous_3)
FNDA:0,(anonymous_4)
FNDA:0,(anonymous_5)
FNDA:0,(anonymous_6)
FNDA:0,(anonymous_7)
FNDA:0,(anonymous_8)
FNDA:0,(anonymous_9)
DA:9,0
DA:22,0
DA:31,0
DA:39,0
DA:59,0
DA:67,0
DA:85,0
DA:94,0
DA:104,0
DA:110,0
DA:116,0
DA:123,0
DA:128,0
DA:134,0
DA:145,0
DA:151,0
DA:170,0
DA:180,0
DA:186,0
DA:192,0
DA:198,0
DA:204,0
DA:213,0
DA:222,0
DA:223,0
DA:224,0
DA:225,0
DA:226,0
DA:229,0
DA:230,0
DA:231,0
DA:236,0
DA:237,0
DA:239,0
DA:240,0
DA:241,0
DA:242,0
DA:247,0
DA:251,0
DA:254,0
DA:266,0
DA:267,0
DA:270,0
DA:290,0
DA:298,0
DA:307,0
DA:309,0
LF:47
LH:0
BRDA:230,0,0,0
BRDA:230,1,0,0
BRDA:230,1,1,0
BRDA:230,1,2,0
BRDA:239,2,0,0
BRDA:241,3,0,0
BRDA:242,4,0,0
BRDA:242,4,1,0
BRDA:251,5,0,0
BRDA:251,5,1,0
BRDA:254,6,0,0
BRDA:254,6,1,0
BRDA:254,6,2,0
BRDA:254,6,3,0
BRDA:303,7,0,0
BRDA:303,7,1,0
BRDA:305,8,0,0
BRDA:305,8,1,0
BRDA:312,9,0,0
BRDA:312,9,1,0
BRDA:316,10,0,0
BRDA:316,10,1,0
BRDA:338,11,0,0
BRDA:338,11,1,0
BRDA:345,12,0,0
BRDA:345,12,1,0
BRF:26
BRH:0
end_of_record
TN:
SF:src/components/DevTools/LanguageSwitcher.tsx
FN:52,(anonymous_0)
FN:57,(anonymous_1)
FN:58,(anonymous_2)
FN:64,(anonymous_3)
FN:76,(anonymous_4)
FN:93,(anonymous_5)
FNF:6
FNH:0
FNDA:0,(anonymous_0)
FNDA:0,(anonymous_1)
FNDA:0,(anonymous_2)
FNDA:0,(anonymous_3)
FNDA:0,(anonymous_4)
FNDA:0,(anonymous_5)
DA:6,0
DA:21,0
DA:26,0
DA:37,0
DA:52,0
DA:53,0
DA:54,0
DA:57,0
DA:58,0
DA:59,0
DA:62,0
DA:64,0
DA:65,0
DA:69,0
DA:71,0
DA:76,0
DA:77,0
DA:80,0
DA:83,0
DA:84,0
DA:88,0
DA:94,0
LF:22
LH:0
BRDA:69,0,0,0
BRDA:83,1,0,0
BRF:2
BRH:0
end_of_record
TN:
SF:src/config/colors.ts
FNF:0
FNH:0
DA:2,0
LF:1
LH:0
BRF:0
BRH:0
end_of_record
TN:
SF:src/helper/getDateTime.ts
FN:3,(anonymous_0)
FN:29,(anonymous_1)
FNF:2
FNH:2
FNDA:4,(anonymous_0)
FNDA:4,(anonymous_1)
DA:3,1
DA:5,4
DA:6,4
DA:7,4
DA:8,4
DA:10,4
DA:11,0
DA:14,4
DA:16,4
DA:22,4
DA:24,0
DA:25,0
DA:29,1
DA:36,4
DA:39,4
DA:40,4
DA:47,4
DA:51,4
DA:53,4
DA:56,4
LF:20
LH:17
BRDA:10,0,0,0
BRDA:36,1,0,4
BRDA:36,1,1,0
BRDA:39,2,0,4
BRDA:42,3,0,4
BRDA:42,3,1,0
BRF:6
BRH:3
end_of_record
TN:
SF:src/hooks/use-data.ts
FN:5,(anonymous_0)
FN:10,(anonymous_1)
FN:11,(anonymous_2)
FNF:3
FNH:0
FNDA:0,(anonymous_0)
FNDA:0,(anonymous_1)
FNDA:0,(anonymous_2)
DA:5,0
DA:6,0
DA:7,0
DA:8,0
DA:10,0
DA:11,0
DA:12,0
DA:13,0
DA:15,0
DA:16,0
DA:19,0
DA:20,0
DA:21,0
DA:22,0
DA:25,0
DA:26,0
DA:30,0
DA:31,0
DA:34,0
DA:35,0
DA:36,0
DA:37,0
DA:40,0
DA:41,0
DA:44,0
DA:48,0
DA:51,0
LF:27
LH:0
BRDA:15,0,0,0
BRDA:15,0,1,0
BRDA:19,1,0,0
BRDA:19,1,1,0
BRDA:30,2,0,0
BRDA:30,2,1,0
BRDA:34,3,0,0
BRDA:34,3,1,0
BRF:8
BRH:0
end_of_record
TN:
SF:src/hooks/useEmailSelection.ts
FN:4,(anonymous_0)
FN:7,(anonymous_1)
FN:10,(anonymous_2)
FN:14,(anonymous_3)
FN:19,(anonymous_4)
FN:21,(anonymous_5)
FN:22,(anonymous_6)
FN:24,(anonymous_7)
FN:30,(anonymous_8)
FN:34,(anonymous_9)
FNF:10
FNH:0
FNDA:0,(anonymous_0)
FNDA:0,(anonymous_1)
FNDA:0,(anonymous_2)
FNDA:0,(anonymous_3)
FNDA:0,(anonymous_4)
FNDA:0,(anonymous_5)
FNDA:0,(anonymous_6)
FNDA:0,(anonymous_7)
FNDA:0,(anonymous_8)
FNDA:0,(anonymous_9)
DA:4,0
DA:5,0
DA:7,0
DA:8,0
DA:10,0
DA:11,0
DA:12,0
DA:14,0
DA:19,0
DA:20,0
DA:21,0
DA:22,0
DA:24,0
DA:25,0
DA:26,0
DA:30,0
DA:31,0
DA:34,0
DA:35,0
DA:36,0
DA:37,0
DA:38,0
DA:41,0
DA:44,0
LF:24
LH:0
BRDA:8,0,0,0
BRDA:11,1,0,0
BRDA:11,1,1,0
BRDA:35,2,0,0
BRDA:36,3,0,0
BRDA:36,3,1,0
BRF:6
BRH:0
end_of_record
TN:
SF:src/hooks/useTranslationUtils.ts
FN:5,(anonymous_0)
FN:9,(anonymous_1)
FN:14,(anonymous_2)
FN:20,(anonymous_3)
FNF:4
FNH:0
FNDA:0,(anonymous_0)
FNDA:0,(anonymous_1)
FNDA:0,(anonymous_2)
FNDA:0,(anonymous_3)
DA:5,0
DA:6,0
DA:9,0
DA:10,0
DA:14,0
DA:15,0
DA:19,0
DA:21,0
DA:26,0
LF:9
LH:0
BRF:0
BRH:0
end_of_record
TN:
SF:src/i18n/index.ts
FN:28,(anonymous_0)
FNF:1
FNH:0
FNDA:0,(anonymous_0)
DA:7,0
DA:28,0
DA:29,0
DA:30,0
DA:31,0
DA:32,0
DA:34,0
LF:7
LH:0
BRDA:29,0,0,0
BRDA:29,0,1,0
BRDA:30,1,0,0
BRF:3
BRH:0
end_of_record
TN:
SF:src/mockData/data.ts
FNF:0
FNH:0
DA:1,0
LF:1
LH:0
BRF:0
BRH:0
end_of_record
TN:
SF:src/mockData/preferences.ts
FNF:0
FNH:0
DA:1,1
LF:1
LH:1
BRF:0
BRH:0
end_of_record
TN:
SF:src/security/hostVerification.ts
FN:7,(anonymous_0)
FN:8,(anonymous_1)
FN:11,(anonymous_2)
FN:15,(anonymous_3)
FN:40,(anonymous_4)
FN:50,(anonymous_5)
FN:58,(anonymous_6)
FN:70,(anonymous_7)
FN:83,(anonymous_8)
FN:99,(anonymous_9)
FN:110,(anonymous_10)
FN:156,(anonymous_11)
FN:183,(anonymous_12)
FN:206,(anonymous_13)
FN:220,(anonymous_14)
FN:257,(anonymous_15)
FN:262,(anonymous_16)
FNF:17
FNH:0
FNDA:0,(anonymous_0)
FNDA:0,(anonymous_1)
FNDA:0,(anonymous_2)
FNDA:0,(anonymous_3)
FNDA:0,(anonymous_4)
FNDA:0,(anonymous_5)
FNDA:0,(anonymous_6)
FNDA:0,(anonymous_7)
FNDA:0,(anonymous_8)
FNDA:0,(anonymous_9)
FNDA:0,(anonymous_10)
FNDA:0,(anonymous_11)
FNDA:0,(anonymous_12)
FNDA:0,(anonymous_13)
FNDA:0,(anonymous_14)
FNDA:0,(anonymous_15)
FNDA:0,(anonymous_16)
DA:3,0
DA:4,0
DA:7,0
DA:8,0
DA:9,0
DA:11,0
DA:15,0
DA:16,0
DA:21,0
DA:30,0
DA:31,0
DA:34,0
DA:40,0
DA:44,0
DA:50,0
DA:51,0
DA:52,0
DA:58,0
DA:59,0
DA:64,0
DA:70,0
DA:72,0
DA:75,0
DA:77,0
DA:83,0
DA:84,0
DA:85,0
DA:86,0
DA:87,0
DA:88,0
DA:89,0
DA:90,0
DA:91,0
DA:93,0
DA:94,0
DA:95,0
DA:98,0
DA:100,0
DA:101,0
DA:106,0
DA:107,0
DA:108,0
DA:111,0
DA:113,0
DA:115,0
DA:121,0
DA:138,0
DA:141,0
DA:144,0
DA:145,0
DA:146,0
DA:147,0
DA:156,0
DA:158,0
DA:159,0
DA:160,0
DA:163,0
DA:164,0
DA:167,0
DA:168,0
DA:169,0
DA:170,0
DA:171,0
DA:175,0
DA:176,0
DA:183,0
DA:185,0
DA:186,0
DA:187,0
DA:191,0
DA:192,0
DA:193,0
DA:194,0
DA:195,0
DA:196,0
DA:199,0
DA:200,0
DA:201,0
DA:202,0
DA:206,0
DA:207,0
DA:209,0
DA:210,0
DA:211,0
DA:212,0
DA:220,0
DA:221,0
DA:223,0
DA:224,0
DA:227,0
DA:243,0
DA:246,0
DA:247,0
DA:248,0
DA:252,0
DA:255,0
DA:257,0
DA:260,0
DA:262,0
DA:267,0
DA:269,0
DA:272,0
LF:102
LH:0
BRDA:72,0,0,0
BRDA:75,1,0,0
BRDA:90,2,0,0
BRDA:90,2,1,0
BRDA:91,3,0,0
BRDA:91,3,1,0
BRDA:93,4,0,0
BRDA:93,4,1,0
BRDA:94,5,0,0
BRDA:94,5,1,0
BRDA:101,6,0,0
BRDA:101,6,1,0
BRDA:107,7,0,0
BRDA:113,8,0,0
BRDA:113,8,1,0
BRDA:146,9,0,0
BRDA:146,9,1,0
BRDA:158,10,0,0
BRDA:169,11,0,0
BRDA:185,12,0,0
BRDA:199,13,0,0
BRDA:209,14,0,0
BRDA:276,15,0,0
BRDA:276,15,1,0
BRF:24
BRH:0
end_of_record
TN:
SF:src/utils/dev-utils.ts
FN:15,runInDevelopment
FN:33,getMockData
FN:35,(anonymous_2)
FNF:3
FNH:0
FNDA:0,runInDevelopment
FNDA:0,getMockData
FNDA:0,(anonymous_2)
DA:9,0
DA:16,0
DA:17,0
DA:34,0
DA:35,0
DA:36,0
DA:41,0
LF:7
LH:0
BRDA:16,0,0,0
BRDA:34,1,0,0
BRDA:36,2,0,0
BRDA:36,2,1,0
BRF:4
BRH:0
end_of_record
TN:
SF:src/utils/mock-empty.ts
FN:15,(anonymous_0)
FNF:1
FNH:0
FNDA:0,(anonymous_0)
DA:10,0
DA:14,0
DA:15,0
LF:3
LH:0
BRF:0
BRH:0
end_of_record
